<?xml version="1.0" encoding="UTF-8"?>
<!-- Generated by org.testng.reporters.JUnitReportReporter -->
<testsuite hostname="Panth" failures="0" tests="1" name="com.qa.tests.PrimeReactTest" time="5.855" errors="0" timestamp="03 Aug. 2023 03:20:19 GMT" skipped="0">
  <testcase classname="com.qa.tests.PrimeReactTest" name="blueBandCheckboxTest" time="5.855"/>
</testsuite> <!-- com.qa.tests.PrimeReactTest -->
